<?xml version="1.0" encoding="UTF-8"?>
<testng-results skipped="0" failed="0" ignored="0" total="1" passed="1">
  <reporter-output>
  </reporter-output>
  <suite name="Default suite" duration-ms="16955" started-at="2019-02-05T08:32:29Z" finished-at="2019-02-05T08:32:46Z">
    <groups>
    </groups>
    <test name="Default test" duration-ms="16955" started-at="2019-02-05T08:32:29Z" finished-at="2019-02-05T08:32:46Z">
      <class name="com.xyz.TestCases.ExtentReportFailTestCase">
        <test-method status="PASS" signature="login()[pri:0, instance:com.xyz.TestCases.ExtentReportFailTestCase@47c62251]" name="login" duration-ms="16886" started-at="2019-02-05T08:32:29Z" finished-at="2019-02-05T08:32:46Z">
          <reporter-output>
          </reporter-output>
        </test-method> <!-- login -->
      </class> <!-- com.xyz.TestCases.ExtentReportFailTestCase -->
    </test> <!-- Default test -->
  </suite> <!-- Default suite -->
</testng-results>
