<?xml version="1.0" encoding="UTF-8"?>
<!-- Generated by org.testng.reporters.JUnitXMLReporter -->
<testsuite hostname="SONA-PC" ignored="0" name=" App test" tests="1" failures="1" timestamp="28 Nov 2018 08:12:56 GMT" time="10.613" errors="0">
  <testcase name="clickOnDepartment" time="0.48" classname="com.xyz.TestCases.DepartmentTC_001">
    <failure type="java.lang.ClassCastException" message="com.sun.proxy.$Proxy9 cannot be cast to org.openqa.selenium.support.ui.WebDriverWait">
      <![CDATA[java.lang.ClassCastException: com.sun.proxy.$Proxy9 cannot be cast to org.openqa.selenium.support.ui.WebDriverWait
at com.xyz.TestCases.DepartmentTC_001.clickOnDepartment(DepartmentTC_001.java:15)
at java.util.concurrent.FutureTask.run(Unknown Source)
at java.util.concurrent.ThreadPoolExecutor.runWorker(Unknown Source)
at java.util.concurrent.ThreadPoolExecutor$Worker.run(Unknown Source)
at java.lang.Thread.run(Unknown Source)
... Removed 16 stack frames]]>
    </failure>
  </testcase> <!-- clickOnDepartment -->
</testsuite> <!--  App test -->
